Added Component: Designator=A1(F_Banana)
Add component. Clean all parameters for all variants
Added Component: Designator=A2(F_Banana)
Add component. Clean all parameters for all variants
Added Component: Designator=A3(F_Banana)
Add component. Clean all parameters for all variants
Added Component: Designator=A4(F_Banana)
Add component. Clean all parameters for all variants
Added Component: Designator=A5(F_Banana)
Add component. Clean all parameters for all variants
Added Component: Designator=AND(DIP794W53P254L1930H508Q14N)
Add component. Clean all parameters for all variants
Add component (AddParameter): Name = "Arrow Part Number"; Value = "SN74LS08N"; VariantName = "[No Variations]"
Add component (AddParameter): Name = "Arrow Price/Stock"; Value = "https://www.arrow.com/en/products/sn74ls08n/texas-instruments"; VariantName = "[No Variations]"
Add component (AddParameter): Name = "Datasheet Link"; Value = "http://componentsearchengine.com/Datasheets/3/SN74LS08N.pdf"; VariantName = "[No Variations]"
Add component (AddParameter): Name = "Height"; Value = "5.08mm"; VariantName = "[No Variations]"
Add component (AddParameter): Name = "Manufacturer_Name"; Value = "Texas Instruments"; VariantName = "[No Variations]"
Add component (AddParameter): Name = "Manufacturer_Part_Number"; Value = "SN74LS08N"; VariantName = "[No Variations]"
Add component (AddParameter): Name = "Mouser Part Number"; Value = "595-SN74LS08N"; VariantName = "[No Variations]"
Add component (AddParameter): Name = "Mouser Price/Stock"; Value = "https://www.mouser.co.uk/ProductDetail/Texas-Instruments/SN74LS08N?qs=spW5eSrOWB4y5MjcKVGhlA%3D%3D"; VariantName = "[No Variations]"
Added Component: Designator=A(F_Banana)
Add component. Clean all parameters for all variants
Added Component: Designator=B1(F_Banana)
Add component. Clean all parameters for all variants
Added Component: Designator=B2(F_Banana)
Add component. Clean all parameters for all variants
Added Component: Designator=B3(F_Banana)
Add component. Clean all parameters for all variants
Added Component: Designator=B4(F_Banana)
Add component. Clean all parameters for all variants
Added Component: Designator=B5(F_Banana)
Add component. Clean all parameters for all variants
Added Component: Designator=B(F_Banana)
Add component. Clean all parameters for all variants
Added Component: Designator=C1(F_Banana)
Add component. Clean all parameters for all variants
Added Component: Designator=C2(F_Banana)
Add component. Clean all parameters for all variants
Added Component: Designator=C3(F_Banana)
Add component. Clean all parameters for all variants
Added Component: Designator=C4(F_Banana)
Add component. Clean all parameters for all variants
Added Component: Designator=C5(F_Banana)
Add component. Clean all parameters for all variants
Added Component: Designator=CON1(F_Banana)
Add component. Clean all parameters for all variants
Added Component: Designator=CON2(F_Banana)
Add component. Clean all parameters for all variants
Added Component: Designator=C(F_Banana)
Add component. Clean all parameters for all variants
Added Component: Designator=D1(F_Banana)
Add component. Clean all parameters for all variants
Added Component: Designator=D2(F_Banana)
Add component. Clean all parameters for all variants
Added Component: Designator=D3(F_Banana)
Add component. Clean all parameters for all variants
Added Component: Designator=D4(F_Banana)
Add component. Clean all parameters for all variants
Added Component: Designator=D6(F_Banana)
Add component. Clean all parameters for all variants
Added Component: Designator=D(F_Banana)
Add component. Clean all parameters for all variants
Added Component: Designator=E1(F_Banana)
Add component. Clean all parameters for all variants
Added Component: Designator=E2(F_Banana)
Add component. Clean all parameters for all variants
Added Component: Designator=E3(F_Banana)
Add component. Clean all parameters for all variants
Added Component: Designator=E4(F_Banana)
Add component. Clean all parameters for all variants
Added Component: Designator=E5(F_Banana)
Add component. Clean all parameters for all variants
Added Component: Designator=E(F_Banana)
Add component. Clean all parameters for all variants
Added Component: Designator=F1(F_Banana)
Add component. Clean all parameters for all variants
Added Component: Designator=F2(F_Banana)
Add component. Clean all parameters for all variants
Added Component: Designator=F3(F_Banana)
Add component. Clean all parameters for all variants
Added Component: Designator=F4(F_Banana)
Add component. Clean all parameters for all variants
Added Component: Designator=F5(F_Banana)
Add component. Clean all parameters for all variants
Added Component: Designator=F(F_Banana)
Add component. Clean all parameters for all variants
Added Component: Designator=G1(F_Banana)
Add component. Clean all parameters for all variants
Added Component: Designator=G2(F_Banana)
Add component. Clean all parameters for all variants
Added Component: Designator=G3(F_Banana)
Add component. Clean all parameters for all variants
Added Component: Designator=G4(F_Banana)
Add component. Clean all parameters for all variants
Added Component: Designator=G5(F_Banana)
Add component. Clean all parameters for all variants
Added Component: Designator=G(F_Banana)
Add component. Clean all parameters for all variants
Added Component: Designator=H1(F_Banana)
Add component. Clean all parameters for all variants
Added Component: Designator=H2(F_Banana)
Add component. Clean all parameters for all variants
Added Component: Designator=H3(F_Banana)
Add component. Clean all parameters for all variants
Added Component: Designator=H4(F_Banana)
Add component. Clean all parameters for all variants
Added Component: Designator=H5(F_Banana)
Add component. Clean all parameters for all variants
Added Component: Designator=H(F_Banana)
Add component. Clean all parameters for all variants
Added Component: Designator=I(F_Banana)
Add component. Clean all parameters for all variants
Added Component: Designator=J(F_Banana)
Add component. Clean all parameters for all variants
Added Component: Designator=K(F_Banana)
Add component. Clean all parameters for all variants
Added Component: Designator=L(F_Banana)
Add component. Clean all parameters for all variants
Added Component: Designator=M(F_Banana)
Add component. Clean all parameters for all variants
Added Component: Designator=NAND(DIP794W53P254L1930H508Q14N)
Add component. Clean all parameters for all variants
Add component (AddParameter): Name = "Arrow Part Number"; Value = "SN74LS00N"; VariantName = "[No Variations]"
Add component (AddParameter): Name = "Arrow Price/Stock"; Value = "https://www.arrow.com/en/products/sn74ls00n/texas-instruments"; VariantName = "[No Variations]"
Add component (AddParameter): Name = "Datasheet Link"; Value = "http://www.ti.com/lit/gpn/sn74ls00"; VariantName = "[No Variations]"
Add component (AddParameter): Name = "Height"; Value = "5.08mm"; VariantName = "[No Variations]"
Add component (AddParameter): Name = "Manufacturer_Name"; Value = "Texas Instruments"; VariantName = "[No Variations]"
Add component (AddParameter): Name = "Manufacturer_Part_Number"; Value = "SN74LS00N"; VariantName = "[No Variations]"
Add component (AddParameter): Name = "Mouser Part Number"; Value = "595-SN74LS00N"; VariantName = "[No Variations]"
Add component (AddParameter): Name = "Mouser Price/Stock"; Value = "https://www.mouser.co.uk/ProductDetail/Texas-Instruments/SN74LS00N?qs=spW5eSrOWB6G5wECF%252BEZFA%3D%3D"; VariantName = "[No Variations]"
Added Component: Designator=NOR(DIP794W53P254L1930H508Q14N)
Add component. Clean all parameters for all variants
Add component (AddParameter): Name = "Arrow Part Number"; Value = "SN74LS02N"; VariantName = "[No Variations]"
Add component (AddParameter): Name = "Arrow Price/Stock"; Value = "https://www.arrow.com/en/products/sn74ls02n/texas-instruments"; VariantName = "[No Variations]"
Add component (AddParameter): Name = "Datasheet Link"; Value = "http://www.ti.com/lit/gpn/sn74ls02"; VariantName = "[No Variations]"
Add component (AddParameter): Name = "Height"; Value = "5.08mm"; VariantName = "[No Variations]"
Add component (AddParameter): Name = "Manufacturer_Name"; Value = "Texas Instruments"; VariantName = "[No Variations]"
Add component (AddParameter): Name = "Manufacturer_Part_Number"; Value = "SN74LS02N"; VariantName = "[No Variations]"
Add component (AddParameter): Name = "Mouser Part Number"; Value = "595-SN74LS02N"; VariantName = "[No Variations]"
Add component (AddParameter): Name = "Mouser Price/Stock"; Value = "https://www.mouser.co.uk/ProductDetail/Texas-Instruments/SN74LS02N?qs=spW5eSrOWB4KM%252BpAgRke5g%3D%3D"; VariantName = "[No Variations]"
Added Component: Designator=NOT(DIP794W53P254L1930H508Q14N)
Add component. Clean all parameters for all variants
Add component (AddParameter): Name = "Arrow Part Number"; Value = "SN74LS04N"; VariantName = "[No Variations]"
Add component (AddParameter): Name = "Arrow Price/Stock"; Value = "https://www.arrow.com/en/products/sn74ls04n/texas-instruments"; VariantName = "[No Variations]"
Add component (AddParameter): Name = "Datasheet Link"; Value = "http://www.ti.com/lit/gpn/sn74ls04"; VariantName = "[No Variations]"
Add component (AddParameter): Name = "Height"; Value = "5.08mm"; VariantName = "[No Variations]"
Add component (AddParameter): Name = "Manufacturer_Name"; Value = "Texas Instruments"; VariantName = "[No Variations]"
Add component (AddParameter): Name = "Manufacturer_Part_Number"; Value = "SN74LS04N"; VariantName = "[No Variations]"
Add component (AddParameter): Name = "Mouser Part Number"; Value = "595-SN74LS04N"; VariantName = "[No Variations]"
Add component (AddParameter): Name = "Mouser Price/Stock"; Value = "https://www.mouser.co.uk/ProductDetail/Texas-Instruments/SN74LS04N?qs=spW5eSrOWB4DgGWIHPxzvg%3D%3D"; VariantName = "[No Variations]"
Added Component: Designator=N(F_Banana)
Add component. Clean all parameters for all variants
Added Component: Designator=OR(DIP794W53P254L1930H508Q14N)
Add component. Clean all parameters for all variants
Add component (AddParameter): Name = "Arrow Part Number"; Value = "SN74LS32N"; VariantName = "[No Variations]"
Add component (AddParameter): Name = "Arrow Price/Stock"; Value = "https://www.arrow.com/en/products/sn74ls32n/texas-instruments"; VariantName = "[No Variations]"
Add component (AddParameter): Name = "Datasheet Link"; Value = "http://componentsearchengine.com/Datasheets/3/SN74LS32N.pdf"; VariantName = "[No Variations]"
Add component (AddParameter): Name = "Height"; Value = "5.08mm"; VariantName = "[No Variations]"
Add component (AddParameter): Name = "Manufacturer_Name"; Value = "Texas Instruments"; VariantName = "[No Variations]"
Add component (AddParameter): Name = "Manufacturer_Part_Number"; Value = "SN74LS32N"; VariantName = "[No Variations]"
Add component (AddParameter): Name = "Mouser Part Number"; Value = "595-SN74LS32N"; VariantName = "[No Variations]"
Add component (AddParameter): Name = "Mouser Price/Stock"; Value = "https://www.mouser.co.uk/ProductDetail/Texas-Instruments/SN74LS32N?qs=q2XTDbzbm6DA9Mnew5GiLA%3D%3D"; VariantName = "[No Variations]"
Added Component: Designator=R1(Resistor)
Add component. Clean all parameters for all variants
Added Component: Designator=R2(Resistor)
Add component. Clean all parameters for all variants
Added Component: Designator=R3(Resistor)
Add component. Clean all parameters for all variants
Added Component: Designator=R4(Resistor)
Add component. Clean all parameters for all variants
Added Component: Designator=XNOR(DIP794W53P254L1930H508Q14N)
Add component. Clean all parameters for all variants
Add component (AddParameter): Name = "Arrow Part Number"; Value = "SN74LS266N"; VariantName = "[No Variations]"
Add component (AddParameter): Name = "Arrow Price/Stock"; Value = "https://www.arrow.com/en/products/sn74ls266n/texas-instruments"; VariantName = "[No Variations]"
Add component (AddParameter): Name = "Datasheet Link"; Value = "http://www.ti.com/lit/gpn/sn74ls266"; VariantName = "[No Variations]"
Add component (AddParameter): Name = "Manufacturer_Name"; Value = "Texas Instruments"; VariantName = "[No Variations]"
Add component (AddParameter): Name = "Manufacturer_Part_Number"; Value = "SN74LS266N"; VariantName = "[No Variations]"
Add component (AddParameter): Name = "Mouser Part Number"; Value = "595-SN74LS266N"; VariantName = "[No Variations]"
Add component (AddParameter): Name = "Mouser Price/Stock"; Value = "https://www.mouser.co.uk/ProductDetail/Texas-Instruments/SN74LS266N?qs=JD1fk4stihabbJk2g9oIRA%3D%3D"; VariantName = "[No Variations]"
Added Component: Designator=XOR(DIP794W53P254L1930H508Q14N)
Add component. Clean all parameters for all variants
Add component (AddParameter): Name = "Arrow Part Number"; Value = ""; VariantName = "[No Variations]"
Add component (AddParameter): Name = "Arrow Price/Stock"; Value = ""; VariantName = "[No Variations]"
Add component (AddParameter): Name = "Datasheet Link"; Value = "https://docs-emea.rs-online.com/webdocs/0029/0900766b800296c4.pdf"; VariantName = "[No Variations]"
Add component (AddParameter): Name = "Height"; Value = "4.69mm"; VariantName = "[No Variations]"
Add component (AddParameter): Name = "Manufacturer_Name"; Value = "ON Semiconductor"; VariantName = "[No Variations]"
Add component (AddParameter): Name = "Manufacturer_Part_Number"; Value = "SN74LS86N"; VariantName = "[No Variations]"
Add component (AddParameter): Name = "Mouser Part Number"; Value = ""; VariantName = "[No Variations]"
Add component (AddParameter): Name = "Mouser Price/Stock"; Value = ""; VariantName = "[No Variations]"
Added Component: Designator=Y1(F_Banana)
Add component. Clean all parameters for all variants
Added Component: Designator=Y2(F_Banana)
Add component. Clean all parameters for all variants
Added Component: Designator=Y3(F_Banana)
Add component. Clean all parameters for all variants
Added Component: Designator=Y4(F_Banana)
Add component. Clean all parameters for all variants
Added Component: Designator=Y5(F_Banana)
Add component. Clean all parameters for all variants
Added Component: Designator=Y6(F_Banana)
Add component. Clean all parameters for all variants
Added Component: Designator=Y7(F_Banana)
Add component. Clean all parameters for all variants
Added Component: Designator=Y8(F_Banana)
Add component. Clean all parameters for all variants
Added Component: Designator=Y9(F_Banana)
Add component. Clean all parameters for all variants
Added Component: Designator=Y10(F_Banana)
Add component. Clean all parameters for all variants
Added Component: Designator=Y11(F_Banana)
Add component. Clean all parameters for all variants
Added Component: Designator=Y12(F_Banana)
Add component. Clean all parameters for all variants
Added Component: Designator=Y13(F_Banana)
Add component. Clean all parameters for all variants
Added Component: Designator=Y14(F_Banana)
Add component. Clean all parameters for all variants
Added Component: Designator=Y15(F_Banana)
Add component. Clean all parameters for all variants
Added Component: Designator=Y16(F_Banana)
Add component. Clean all parameters for all variants
Added Component: Designator=Y17(F_Banana)
Add component. Clean all parameters for all variants
Added Component: Designator=Y18(F_Banana)
Add component. Clean all parameters for all variants
Added Component: Designator=Y19(F_Banana)
Add component. Clean all parameters for all variants
Added Component: Designator=Y20(F_Banana)
Add component. Clean all parameters for all variants
Added Component: Designator=Y21(F_Banana)
Add component. Clean all parameters for all variants
Added Component: Designator=Y22(F_Banana)
Add component. Clean all parameters for all variants
Added Component: Designator=Y23(F_Banana)
Add component. Clean all parameters for all variants
Added Component: Designator=Y24(F_Banana)
Add component. Clean all parameters for all variants
Added Component: Designator=Y25(F_Banana)
Add component. Clean all parameters for all variants
Added Component: Designator=Y26(F_Banana)
Add component. Clean all parameters for all variants
Added Component: Designator=Y27(F_Banana)
Add component. Clean all parameters for all variants
Added Component: Designator=Y28(F_Banana)
Add component. Clean all parameters for all variants
Added Component: Designator=Y29(F_Banana)
Add component. Clean all parameters for all variants
Added Component: Designator=Y30(F_Banana)
Add component. Clean all parameters for all variants
Added Pin To Net: NetName=+5 Pin=AND-14
Added Pin To Net: NetName=+5 Pin=CON1-1
Added Pin To Net: NetName=+5 Pin=NAND-14
Added Pin To Net: NetName=+5 Pin=NOR-14
Added Pin To Net: NetName=+5 Pin=NOT-14
Added Pin To Net: NetName=+5 Pin=OR-14
Added Pin To Net: NetName=+5 Pin=R1-1
Added Pin To Net: NetName=+5 Pin=R2-1
Added Pin To Net: NetName=+5 Pin=R3-1
Added Pin To Net: NetName=+5 Pin=R4-1
Added Pin To Net: NetName=+5 Pin=XNOR-14
Added Pin To Net: NetName=+5 Pin=XOR-14
Added Net: Name=+5
Added Pin To Net: NetName=GND Pin=AND-7
Added Pin To Net: NetName=GND Pin=CON2-1
Added Pin To Net: NetName=GND Pin=NAND-7
Added Pin To Net: NetName=GND Pin=NOR-7
Added Pin To Net: NetName=GND Pin=NOT-7
Added Pin To Net: NetName=GND Pin=OR-7
Added Pin To Net: NetName=GND Pin=XNOR-7
Added Pin To Net: NetName=GND Pin=XOR-7
Added Net: Name=GND
Added Pin To Net: NetName=NetA1_1 Pin=A1-1
Added Pin To Net: NetName=NetA1_1 Pin=AND-1
Added Net: Name=NetA1_1
Added Pin To Net: NetName=NetA2_1 Pin=A2-1
Added Pin To Net: NetName=NetA2_1 Pin=OR-1
Added Net: Name=NetA2_1
Added Pin To Net: NetName=NetA3_1 Pin=A3-1
Added Pin To Net: NetName=NetA3_1 Pin=XOR-1
Added Net: Name=NetA3_1
Added Pin To Net: NetName=NetA4_1 Pin=A4-1
Added Pin To Net: NetName=NetA4_1 Pin=XNOR-1
Added Net: Name=NetA4_1
Added Pin To Net: NetName=NetA5_1 Pin=A5-1
Added Pin To Net: NetName=NetA5_1 Pin=NOR-2
Added Net: Name=NetA5_1
Added Pin To Net: NetName=NetA_1 Pin=A-1
Added Pin To Net: NetName=NetA_1 Pin=NAND-1
Added Net: Name=NetA_1
Added Pin To Net: NetName=NetAND_2 Pin=AND-2
Added Pin To Net: NetName=NetAND_2 Pin=B1-1
Added Net: Name=NetAND_2
Added Pin To Net: NetName=NetAND_3 Pin=AND-3
Added Pin To Net: NetName=NetAND_3 Pin=Y5-1
Added Net: Name=NetAND_3
Added Pin To Net: NetName=NetAND_4 Pin=AND-4
Added Pin To Net: NetName=NetAND_4 Pin=C1-1
Added Net: Name=NetAND_4
Added Pin To Net: NetName=NetAND_5 Pin=AND-5
Added Pin To Net: NetName=NetAND_5 Pin=D1-1
Added Net: Name=NetAND_5
Added Pin To Net: NetName=NetAND_6 Pin=AND-6
Added Pin To Net: NetName=NetAND_6 Pin=Y6-1
Added Net: Name=NetAND_6
Added Pin To Net: NetName=NetAND_8 Pin=AND-8
Added Pin To Net: NetName=NetAND_8 Pin=Y8-1
Added Net: Name=NetAND_8
Added Pin To Net: NetName=NetAND_9 Pin=AND-9
Added Pin To Net: NetName=NetAND_9 Pin=H1-1
Added Net: Name=NetAND_9
Added Pin To Net: NetName=NetAND_10 Pin=AND-10
Added Pin To Net: NetName=NetAND_10 Pin=G1-1
Added Net: Name=NetAND_10
Added Pin To Net: NetName=NetAND_11 Pin=AND-11
Added Pin To Net: NetName=NetAND_11 Pin=Y7-1
Added Net: Name=NetAND_11
Added Pin To Net: NetName=NetAND_12 Pin=AND-12
Added Pin To Net: NetName=NetAND_12 Pin=F1-1
Added Net: Name=NetAND_12
Added Pin To Net: NetName=NetAND_13 Pin=AND-13
Added Pin To Net: NetName=NetAND_13 Pin=E1-1
Added Net: Name=NetAND_13
Added Pin To Net: NetName=NetB2_1 Pin=B2-1
Added Pin To Net: NetName=NetB2_1 Pin=OR-2
Added Net: Name=NetB2_1
Added Pin To Net: NetName=NetB3_1 Pin=B3-1
Added Pin To Net: NetName=NetB3_1 Pin=XOR-2
Added Net: Name=NetB3_1
Added Pin To Net: NetName=NetB4_1 Pin=B4-1
Added Pin To Net: NetName=NetB4_1 Pin=XNOR-2
Added Net: Name=NetB4_1
Added Pin To Net: NetName=NetB5_1 Pin=B5-1
Added Pin To Net: NetName=NetB5_1 Pin=NOR-3
Added Net: Name=NetB5_1
Added Pin To Net: NetName=NetB_1 Pin=B-1
Added Pin To Net: NetName=NetB_1 Pin=NAND-2
Added Net: Name=NetB_1
Added Pin To Net: NetName=NetC2_1 Pin=C2-1
Added Pin To Net: NetName=NetC2_1 Pin=OR-4
Added Net: Name=NetC2_1
Added Pin To Net: NetName=NetC3_1 Pin=C3-1
Added Pin To Net: NetName=NetC3_1 Pin=XOR-4
Added Net: Name=NetC3_1
Added Pin To Net: NetName=NetC4_1 Pin=C4-1
Added Pin To Net: NetName=NetC4_1 Pin=XNOR-5
Added Net: Name=NetC4_1
Added Pin To Net: NetName=NetC5_1 Pin=C5-1
Added Pin To Net: NetName=NetC5_1 Pin=NOR-5
Added Net: Name=NetC5_1
Added Pin To Net: NetName=NetC_1 Pin=C-1
Added Pin To Net: NetName=NetC_1 Pin=NAND-4
Added Net: Name=NetC_1
Added Pin To Net: NetName=NetD2_1 Pin=D2-1
Added Pin To Net: NetName=NetD2_1 Pin=OR-5
Added Net: Name=NetD2_1
Added Pin To Net: NetName=NetD3_1 Pin=D3-1
Added Pin To Net: NetName=NetD3_1 Pin=XOR-5
Added Net: Name=NetD3_1
Added Pin To Net: NetName=NetD4_1 Pin=D4-1
Added Pin To Net: NetName=NetD4_1 Pin=XNOR-6
Added Net: Name=NetD4_1
Added Pin To Net: NetName=NetD6_1 Pin=D6-1
Added Pin To Net: NetName=NetD6_1 Pin=NOR-6
Added Net: Name=NetD6_1
Added Pin To Net: NetName=NetD_1 Pin=D-1
Added Pin To Net: NetName=NetD_1 Pin=NAND-5
Added Net: Name=NetD_1
Added Pin To Net: NetName=NetE2_1 Pin=E2-1
Added Pin To Net: NetName=NetE2_1 Pin=OR-13
Added Net: Name=NetE2_1
Added Pin To Net: NetName=NetE3_1 Pin=E3-1
Added Pin To Net: NetName=NetE3_1 Pin=XOR-13
Added Net: Name=NetE3_1
Added Pin To Net: NetName=NetE4_1 Pin=E4-1
Added Pin To Net: NetName=NetE4_1 Pin=XNOR-13
Added Net: Name=NetE4_1
Added Pin To Net: NetName=NetE5_1 Pin=E5-1
Added Pin To Net: NetName=NetE5_1 Pin=NOR-12
Added Net: Name=NetE5_1
Added Pin To Net: NetName=NetE_1 Pin=E-1
Added Pin To Net: NetName=NetE_1 Pin=NAND-13
Added Net: Name=NetE_1
Added Pin To Net: NetName=NetF2_1 Pin=F2-1
Added Pin To Net: NetName=NetF2_1 Pin=OR-12
Added Net: Name=NetF2_1
Added Pin To Net: NetName=NetF3_1 Pin=F3-1
Added Pin To Net: NetName=NetF3_1 Pin=XOR-12
Added Net: Name=NetF3_1
Added Pin To Net: NetName=NetF4_1 Pin=F4-1
Added Pin To Net: NetName=NetF4_1 Pin=XNOR-12
Added Net: Name=NetF4_1
Added Pin To Net: NetName=NetF5_1 Pin=F5-1
Added Pin To Net: NetName=NetF5_1 Pin=NOR-11
Added Net: Name=NetF5_1
Added Pin To Net: NetName=NetF_1 Pin=F-1
Added Pin To Net: NetName=NetF_1 Pin=NAND-12
Added Net: Name=NetF_1
Added Pin To Net: NetName=NetG2_1 Pin=G2-1
Added Pin To Net: NetName=NetG2_1 Pin=OR-10
Added Net: Name=NetG2_1
Added Pin To Net: NetName=NetG3_1 Pin=G3-1
Added Pin To Net: NetName=NetG3_1 Pin=XOR-10
Added Net: Name=NetG3_1
Added Pin To Net: NetName=NetG4_1 Pin=G4-1
Added Pin To Net: NetName=NetG4_1 Pin=XNOR-9
Added Net: Name=NetG4_1
Added Pin To Net: NetName=NetG5_1 Pin=G5-1
Added Pin To Net: NetName=NetG5_1 Pin=NOR-9
Added Net: Name=NetG5_1
Added Pin To Net: NetName=NetG_1 Pin=G-1
Added Pin To Net: NetName=NetG_1 Pin=NAND-10
Added Net: Name=NetG_1
Added Pin To Net: NetName=NetH2_1 Pin=H2-1
Added Pin To Net: NetName=NetH2_1 Pin=OR-9
Added Net: Name=NetH2_1
Added Pin To Net: NetName=NetH3_1 Pin=H3-1
Added Pin To Net: NetName=NetH3_1 Pin=XOR-9
Added Net: Name=NetH3_1
Added Pin To Net: NetName=NetH4_1 Pin=H4-1
Added Pin To Net: NetName=NetH4_1 Pin=XNOR-8
Added Net: Name=NetH4_1
Added Pin To Net: NetName=NetH5_1 Pin=H5-1
Added Pin To Net: NetName=NetH5_1 Pin=NOR-8
Added Net: Name=NetH5_1
Added Pin To Net: NetName=NetH_1 Pin=H-1
Added Pin To Net: NetName=NetH_1 Pin=NAND-9
Added Net: Name=NetH_1
Added Pin To Net: NetName=NetI_1 Pin=I-1
Added Pin To Net: NetName=NetI_1 Pin=NOT-1
Added Net: Name=NetI_1
Added Pin To Net: NetName=NetJ_1 Pin=J-1
Added Pin To Net: NetName=NetJ_1 Pin=NOT-3
Added Net: Name=NetJ_1
Added Pin To Net: NetName=NetK_1 Pin=K-1
Added Pin To Net: NetName=NetK_1 Pin=NOT-5
Added Net: Name=NetK_1
Added Pin To Net: NetName=NetL_1 Pin=L-1
Added Pin To Net: NetName=NetL_1 Pin=NOT-13
Added Net: Name=NetL_1
Added Pin To Net: NetName=NetM_1 Pin=M-1
Added Pin To Net: NetName=NetM_1 Pin=NOT-11
Added Net: Name=NetM_1
Added Pin To Net: NetName=NetN_1 Pin=N-1
Added Pin To Net: NetName=NetN_1 Pin=NOT-9
Added Net: Name=NetN_1
Added Pin To Net: NetName=NetNAND_3 Pin=NAND-3
Added Pin To Net: NetName=NetNAND_3 Pin=Y1-1
Added Net: Name=NetNAND_3
Added Pin To Net: NetName=NetNAND_6 Pin=NAND-6
Added Pin To Net: NetName=NetNAND_6 Pin=Y2-1
Added Net: Name=NetNAND_6
Added Pin To Net: NetName=NetNAND_8 Pin=NAND-8
Added Pin To Net: NetName=NetNAND_8 Pin=Y4-1
Added Net: Name=NetNAND_8
Added Pin To Net: NetName=NetNAND_11 Pin=NAND-11
Added Pin To Net: NetName=NetNAND_11 Pin=Y3-1
Added Net: Name=NetNAND_11
Added Pin To Net: NetName=NetNOR_1 Pin=NOR-1
Added Pin To Net: NetName=NetNOR_1 Pin=Y21-1
Added Net: Name=NetNOR_1
Added Pin To Net: NetName=NetNOR_4 Pin=NOR-4
Added Pin To Net: NetName=NetNOR_4 Pin=Y22-1
Added Net: Name=NetNOR_4
Added Pin To Net: NetName=NetNOR_10 Pin=NOR-10
Added Pin To Net: NetName=NetNOR_10 Pin=Y24-1
Added Net: Name=NetNOR_10
Added Pin To Net: NetName=NetNOR_13 Pin=NOR-13
Added Pin To Net: NetName=NetNOR_13 Pin=Y23-1
Added Net: Name=NetNOR_13
Added Pin To Net: NetName=NetNOT_2 Pin=NOT-2
Added Pin To Net: NetName=NetNOT_2 Pin=Y25-1
Added Net: Name=NetNOT_2
Added Pin To Net: NetName=NetNOT_4 Pin=NOT-4
Added Pin To Net: NetName=NetNOT_4 Pin=Y26-1
Added Net: Name=NetNOT_4
Added Pin To Net: NetName=NetNOT_6 Pin=NOT-6
Added Pin To Net: NetName=NetNOT_6 Pin=Y27-1
Added Net: Name=NetNOT_6
Added Pin To Net: NetName=NetNOT_8 Pin=NOT-8
Added Pin To Net: NetName=NetNOT_8 Pin=Y30-1
Added Net: Name=NetNOT_8
Added Pin To Net: NetName=NetNOT_10 Pin=NOT-10
Added Pin To Net: NetName=NetNOT_10 Pin=Y29-1
Added Net: Name=NetNOT_10
Added Pin To Net: NetName=NetNOT_12 Pin=NOT-12
Added Pin To Net: NetName=NetNOT_12 Pin=Y28-1
Added Net: Name=NetNOT_12
Added Pin To Net: NetName=NetOR_3 Pin=OR-3
Added Pin To Net: NetName=NetOR_3 Pin=Y9-1
Added Net: Name=NetOR_3
Added Pin To Net: NetName=NetOR_6 Pin=OR-6
Added Pin To Net: NetName=NetOR_6 Pin=Y10-1
Added Net: Name=NetOR_6
Added Pin To Net: NetName=NetOR_8 Pin=OR-8
Added Pin To Net: NetName=NetOR_8 Pin=Y12-1
Added Net: Name=NetOR_8
Added Pin To Net: NetName=NetOR_11 Pin=OR-11
Added Pin To Net: NetName=NetOR_11 Pin=Y11-1
Added Net: Name=NetOR_11
Added Pin To Net: NetName=NetXOR_3 Pin=XOR-3
Added Pin To Net: NetName=NetXOR_3 Pin=Y13-1
Added Net: Name=NetXOR_3
Added Pin To Net: NetName=NetXOR_6 Pin=XOR-6
Added Pin To Net: NetName=NetXOR_6 Pin=Y14-1
Added Net: Name=NetXOR_6
Added Pin To Net: NetName=NetXOR_8 Pin=XOR-8
Added Pin To Net: NetName=NetXOR_8 Pin=Y16-1
Added Net: Name=NetXOR_8
Added Pin To Net: NetName=NetXOR_11 Pin=XOR-11
Added Pin To Net: NetName=NetXOR_11 Pin=Y15-1
Added Net: Name=NetXOR_11
Added Pin To Net: NetName=Y1_XNOR Pin=R1-2
Added Pin To Net: NetName=Y1_XNOR Pin=XNOR-3
Added Pin To Net: NetName=Y1_XNOR Pin=Y17-1
Added Net: Name=Y1_XNOR
Added Pin To Net: NetName=Y2_XNOR Pin=R2-2
Added Pin To Net: NetName=Y2_XNOR Pin=XNOR-4
Added Pin To Net: NetName=Y2_XNOR Pin=Y18-1
Added Net: Name=Y2_XNOR
Added Pin To Net: NetName=Y3_XNOR Pin=R3-2
Added Pin To Net: NetName=Y3_XNOR Pin=XNOR-11
Added Pin To Net: NetName=Y3_XNOR Pin=Y19-1
Added Net: Name=Y3_XNOR
Added Pin To Net: NetName=Y4_XNOR Pin=R4-2
Added Pin To Net: NetName=Y4_XNOR Pin=XNOR-10
Added Pin To Net: NetName=Y4_XNOR Pin=Y20-1
Added Net: Name=Y4_XNOR
Added Class: Name=Skema Gate Logic
